pwd
pwd
echo "Hello World"



exit

|
cat
ls
/bin/ls
/bin/ls
env
pwd
env
exit
env
env
env
env
pwd
env
pwd
cd
pwd | echo "hello world"
env
pwd
pwd
env
pwd
env
pwd
env
pwd
echo

pwd
pwd
pwd
echo hola
pwd
echo hola
pwd
cd ..
pwd
echo hola
echo hola
echo hola
echo hola
pwd
echo hola
pwd
echo
echo hola
exit
echo hola
echo hola
echo hola
pwd
echo hola
pwd
echo hola
echo hola mundo
echo hola
echo hola mundo
echo hola mundo
exit
echo hola mundo
echo hola mundo
echo que tal estais 
pwd
cd ..
pwd
ls
pwd
ls
echo funcionara?
env
cd source
pwd
ls
echo sigue en pie
cat history.log
env
exit
